0 info it worked if it ends with ok
1 verbose cli [ 'C:\\Program Files\\nodejs\\node.exe',
1 verbose cli   'C:\\Users\\Louis\\AppData\\Roaming\\npm\\node_modules\\npm\\bin\\npm-cli.js',
1 verbose cli   'run',
1 verbose cli   'lint' ]
2 info using npm@4.0.2
3 info using node@v11.2.0
4 verbose run-script [ 'prelint', 'lint', 'postlint' ]
5 info lifecycle sync-flow@1.0.0~prelint: sync-flow@1.0.0
6 silly lifecycle sync-flow@1.0.0~prelint: no script for prelint, continuing
7 info lifecycle sync-flow@1.0.0~lint: sync-flow@1.0.0
8 verbose lifecycle sync-flow@1.0.0~lint: unsafe-perm in lifecycle true
9 verbose lifecycle sync-flow@1.0.0~lint: PATH: C:\Users\Louis\AppData\Roaming\npm\node_modules\npm\bin\node-gyp-bin;C:\Users\Louis\Desktop\projects2018\syncFlow\node_modules\.bin;C:\Users\Louis\bin;C:\Program Files\Git\mingw64\bin;C:\Program Files\Git\usr\local\bin;C:\Program Files\Git\usr\bin;C:\Program Files\Git\usr\bin;C:\Program Files\Git\mingw64\bin;C:\Program Files\Git\usr\bin;C:\Users\Louis\bin;C:\Program Files (x86)\Common Files\Oracle\Java\javapath;C:\Program Files (x86)\Intel\iCLS Client;C:\Program Files\Intel\iCLS Client;C:\WINDOWS\system32;C:\WINDOWS;C:\WINDOWS\System32\Wbem;C:\WINDOWS\System32\WindowsPowerShell\v1.0;C:\Program Files\Intel\IntelSGXPSW\bin\x64\Release;C:\Program Files\Intel\IntelSGXPSW\bin\win32\Release;C:\Program Files (x86)\Intel\Intel(R) Management Engine Components\DAL;C:\Program Files\Intel\Intel(R) Management Engine Components\DAL;C:\Program Files (x86)\Intel\Intel(R) Management Engine Components\IPT;C:\Program Files\Intel\Intel(R) Management Engine Components\IPT;C:\Program Files (x86)\Heroku\bin;C:\Program Files (x86)\git\cmd;C:\Program Files\Intel\WiFi\bin;C:\Program Files\Common Files\Intel\WirelessCommon;C:\WINDOWS\System32\OpenSSH;C:\Program Files\nodejs;C:\Ruby22\bin;C:\RailsInstaller\Git\cmd;C:\RailsInstaller\Ruby2.1.0\bin;C:\path\to\Ruby\186-27\bin;C:\Program Files\Sublime Text 3;C:\Users\Louis\AppData\Local\Microsoft\WindowsApps;C:\MongoDB\Server\3.4\bin;C:\Users\Louis\AppData\Local\atom\bin;C:\Users\Louis\AppData\Local\Microsoft\WindowsApps;C:\Users\Louis\AppData\Roaming\npm;C:\Program Files\Git\usr\bin\vendor_perl;C:\Program Files\Git\usr\bin\core_perl;C:\Python27
10 verbose lifecycle sync-flow@1.0.0~lint: CWD: C:\Users\Louis\Desktop\projects2018\syncFlow
11 silly lifecycle sync-flow@1.0.0~lint: Args: [ '/d /s /c', 'eslint . --color' ]
12 silly lifecycle sync-flow@1.0.0~lint: Returned: code: 1  signal: null
13 info lifecycle sync-flow@1.0.0~lint: Failed to exec lint script
14 verbose stack Error: sync-flow@1.0.0 lint: `eslint . --color`
14 verbose stack Exit status 1
14 verbose stack     at EventEmitter.<anonymous> (C:\Users\Louis\AppData\Roaming\npm\node_modules\npm\lib\utils\lifecycle.js:279:16)
14 verbose stack     at EventEmitter.emit (events.js:182:13)
14 verbose stack     at ChildProcess.<anonymous> (C:\Users\Louis\AppData\Roaming\npm\node_modules\npm\lib\utils\spawn.js:40:14)
14 verbose stack     at ChildProcess.emit (events.js:182:13)
14 verbose stack     at maybeClose (internal/child_process.js:978:16)
14 verbose stack     at Process.ChildProcess._handle.onexit (internal/child_process.js:265:5)
15 verbose pkgid sync-flow@1.0.0
16 verbose cwd C:\Users\Louis\Desktop\projects2018\syncFlow
17 error Windows_NT 10.0.17134
18 error argv "C:\\Program Files\\nodejs\\node.exe" "C:\\Users\\Louis\\AppData\\Roaming\\npm\\node_modules\\npm\\bin\\npm-cli.js" "run" "lint"
19 error node v11.2.0
20 error npm  v4.0.2
21 error code ELIFECYCLE
22 error sync-flow@1.0.0 lint: `eslint . --color`
22 error Exit status 1
23 error Failed at the sync-flow@1.0.0 lint script 'eslint . --color'.
23 error Make sure you have the latest version of node.js and npm installed.
23 error If you do, this is most likely a problem with the sync-flow package,
23 error not with npm itself.
23 error Tell the author that this fails on your system:
23 error     eslint . --color
23 error You can get information on how to open an issue for this project with:
23 error     npm bugs sync-flow
23 error Or if that isn't available, you can get their info via:
23 error     npm owner ls sync-flow
23 error There is likely additional logging output above.
24 verbose exit [ 1, true ]
